<?xml version="1.0" encoding="UTF-8"?>
<!-- Generated by org.testng.reporters.JUnitReportReporter -->
<testsuite hostname="LAPTOP-VOIO7J7H" failures="0" tests="3" name="testCases.test" time="22.915" errors="0" timestamp="2024-03-19T23:36:08 EET" skipped="0">
  <testcase classname="testCases.test" name="testcaseone" time="8.342"/>
  <system-out>
    <![CDATA[Test started: 

 <a href='C:\Users\Abd Elrahman\eclipse-workspace\AutomationTask\screenshots\testcaseoneTue-Mar-19-23-35-48-EET-2024.png'> <img src='C:\Users\Abd Elrahman\eclipse-workspace\AutomationTask\screenshots\testcaseoneTue-Mar-19-23-35-48-EET-2024.png' height='200' width='200'/> </a>  

 searchResultsPage2: 10 searchResultsPage3: 10
Test Successed
 <a href='C:\Users\Abd Elrahman\eclipse-workspace\AutomationTask\screenshots\testcaseoneTue-Mar-19-23-35-52-EET-2024.png'> <img src='C:\Users\Abd Elrahman\eclipse-workspace\AutomationTask\screenshots\testcaseoneTue-Mar-19-23-35-52-EET-2024.png' height='200' width='200'/> </a>  ]]>
  </system-out>
  <testcase classname="testCases.test" name="testcaseone" time="7.206"/>
  <system-out>
    <![CDATA[Test started: 

 <a href='C:\Users\Abd Elrahman\eclipse-workspace\AutomationTask\screenshots\testcaseoneTue-Mar-19-23-35-56-EET-2024.png'> <img src='C:\Users\Abd Elrahman\eclipse-workspace\AutomationTask\screenshots\testcaseoneTue-Mar-19-23-35-56-EET-2024.png' height='200' width='200'/> </a>  

 searchResultsPage2: 10 searchResultsPage3: 10
Test Successed
 <a href='C:\Users\Abd Elrahman\eclipse-workspace\AutomationTask\screenshots\testcaseoneTue-Mar-19-23-35-59-EET-2024.png'> <img src='C:\Users\Abd Elrahman\eclipse-workspace\AutomationTask\screenshots\testcaseoneTue-Mar-19-23-35-59-EET-2024.png' height='200' width='200'/> </a>  ]]>
  </system-out>
  <testcase classname="testCases.test" name="testcaseone" time="7.367"/>
  <system-out>
    <![CDATA[Test started: 

 <a href='C:\Users\Abd Elrahman\eclipse-workspace\AutomationTask\screenshots\testcaseoneTue-Mar-19-23-36-04-EET-2024.png'> <img src='C:\Users\Abd Elrahman\eclipse-workspace\AutomationTask\screenshots\testcaseoneTue-Mar-19-23-36-04-EET-2024.png' height='200' width='200'/> </a>  

 searchResultsPage2: 9 searchResultsPage3: 9
Test Successed
 <a href='C:\Users\Abd Elrahman\eclipse-workspace\AutomationTask\screenshots\testcaseoneTue-Mar-19-23-36-05-EET-2024.png'> <img src='C:\Users\Abd Elrahman\eclipse-workspace\AutomationTask\screenshots\testcaseoneTue-Mar-19-23-36-05-EET-2024.png' height='200' width='200'/> </a>  ]]>
  </system-out>
</testsuite> <!-- testCases.test -->
